<?xml version="1.0" encoding="UTF-8"?>
<testsuites name="browser" time="23" tests="1" failures="0" errors="0">
   <testsuite name="browser" tests="1" failures="0" errors="0" time="23" timestamp="2019-03-06 17:09:49" hostname="ASHA$ - Asha.jmangroup.com" id="Test Suites/browser">
      <properties>
         <property name="deviceName" value=""/>
         <property name="devicePlatform" value=""/>
         <property name="logFolder" value="C:\\Users\\Administrator\\Katalon Studio\\RealApp\\Reports\\browser\\20190306_170946"/>
         <property name="logFiles" value="C:\\Users\\Administrator\\Katalon Studio\\RealApp\\Reports\\browser\\20190306_170946\\execution0.log"/>
         <property name="attachments" value=""/>
         <property name="hostName" value="ASHA$ - Asha.jmangroup.com"/>
         <property name="os" value="Windows 10 32bit"/>
         <property name="katalonVersion" value="6.0.5.4"/>
         <property name="browser" value="Firefox 47.0"/>
         <property name="hostAddress" value="192.168.0.32"/>
         <property name="sessionId" value="87b3ccd1-f5ef-44c5-b8e0-f5f4129218f6"/>
         <property name="seleniumVersion" value="3.7.1"/>
         <property name="proxyInformation" value="ProxyInformation{proxyOption=NO_PROXY, proxyServerType=HTTP, password=, proxyServerAddress=, proxyServerPort=0}"/>
         <property name="platform" value="Windows 10"/>
      </properties>
      <testcase name="Test Cases/LaunchApp" classname="Test Cases/LaunchApp" status="PASSED">
         <system-out><![CDATA[2019-03-06 17:09:49 - [TEST_CASE][PASSED] - Test Cases/LaunchApp: Test Cases/LaunchApp

2019-03-06 17:09:50 - [TEST_STEP][PASSED] - openBrowser(""): Browser is opened with url: ''

2019-03-06 17:09:50 - [MESSAGE][INFO] - Starting 'Firefox' driver

2019-03-06 17:09:50 - [MESSAGE][INFO] - Action delay is set to 0 seconds

2019-03-06 17:10:07 - [MESSAGE][PASSED] - Browser is opened with url: ''

2019-03-06 17:10:07 - [TEST_STEP][PASSED] - navigateToUrl("http://192.168.0.171:4000/login"): Navigate to 'http://192.168.0.171:4000/login' successfully

2019-03-06 17:10:10 - [MESSAGE][PASSED] - Navigate to 'http://192.168.0.171:4000/login' successfully

2019-03-06 17:10:10 - [TEST_STEP][PASSED] - maximizeWindow(): Current window maximized

2019-03-06 17:10:10 - [MESSAGE][PASSED] - Current window maximized]]></system-out>
         <system-err><![CDATA[]]></system-err>
      </testcase>
      <system-out><![CDATA[2019-03-06 17:09:49 - [TEST_SUITE][PASSED] - browser: Test Cases/LaunchApp]]></system-out>
      <system-err><![CDATA[]]></system-err>
   </testsuite>
</testsuites>
