<?xml version="1.0" encoding="UTF-8"?>
<testsuites name="browser" time="24" tests="1" failures="0" errors="0">
   <testsuite name="browser" tests="1" failures="0" errors="0" time="24" timestamp="2019-03-06 16:55:29" hostname="Administrator - Asha.jmangroup.com" id="Test Suites/browser">
      <properties>
         <property name="deviceName" value=""/>
         <property name="devicePlatform" value=""/>
         <property name="logFolder" value="C:\\Users\\Administrator\\Katalon Studio\\RealApp\\Reports\\browser\\20190306_165525"/>
         <property name="logFiles" value="C:\\Users\\Administrator\\Katalon Studio\\RealApp\\Reports\\browser\\20190306_165525\\execution0.log"/>
         <property name="attachments" value=""/>
         <property name="hostName" value="Administrator - Asha.jmangroup.com"/>
         <property name="os" value="Windows 10 32bit"/>
         <property name="katalonVersion" value="6.0.5.4"/>
         <property name="browser" value="Chrome 72.0.3626.119"/>
         <property name="hostAddress" value="192.168.0.32"/>
         <property name="sessionId" value="6b1e2ef5b5524dfa4e6e1329e0e894b3"/>
         <property name="seleniumVersion" value="3.7.1"/>
         <property name="proxyInformation" value="ProxyInformation{proxyOption=NO_PROXY, proxyServerType=HTTP, password=, proxyServerAddress=, proxyServerPort=0}"/>
         <property name="platform" value="Windows 10"/>
      </properties>
      <testcase name="Test Cases/LaunchApp" classname="Test Cases/LaunchApp" status="PASSED">
         <system-out><![CDATA[2019-03-06 16:55:30 - [TEST_CASE][PASSED] - Test Cases/LaunchApp: Test Cases/LaunchApp

2019-03-06 16:55:31 - [TEST_STEP][PASSED] - openBrowser(""): Browser is opened with url: ''

2019-03-06 16:55:31 - [MESSAGE][INFO] - Starting 'Chrome' driver

2019-03-06 16:55:31 - [MESSAGE][INFO] - Action delay is set to 0 seconds

2019-03-06 16:55:48 - [MESSAGE][PASSED] - Browser is opened with url: ''

2019-03-06 16:55:48 - [TEST_STEP][PASSED] - navigateToUrl("http://192.168.0.171:4000/login"): Navigate to 'http://192.168.0.171:4000/login' successfully

2019-03-06 16:55:50 - [MESSAGE][PASSED] - Navigate to 'http://192.168.0.171:4000/login' successfully

2019-03-06 16:55:50 - [TEST_STEP][PASSED] - maximizeWindow(): Current window maximized

2019-03-06 16:55:51 - [MESSAGE][PASSED] - Current window maximized]]></system-out>
         <system-err><![CDATA[]]></system-err>
      </testcase>
      <system-out><![CDATA[2019-03-06 16:55:29 - [TEST_SUITE][PASSED] - browser: Test Cases/LaunchApp]]></system-out>
      <system-err><![CDATA[]]></system-err>
   </testsuite>
</testsuites>
