<?xml version="1.0" encoding="UTF-8"?>
<testsuites name="Login_Logout" time="36" tests="2" failures="0" errors="0">
   <testsuite name="Login_Logout" tests="2" failures="0" errors="0" time="36" timestamp="2019-03-06 13:43:01" hostname="Administrator - Asha.jmangroup.com" id="Test Suites/Login_Logout">
      <properties>
         <property name="deviceName" value=""/>
         <property name="devicePlatform" value=""/>
         <property name="logFolder" value="C:\\Users\\Administrator\\Katalon Studio\\RealApp\\Reports\\Login_Logout\\20190306_134258"/>
         <property name="logFiles" value="C:\\Users\\Administrator\\Katalon Studio\\RealApp\\Reports\\Login_Logout\\20190306_134258\\execution0.log"/>
         <property name="attachments" value=""/>
         <property name="hostName" value="Administrator - Asha.jmangroup.com"/>
         <property name="os" value="Windows 10 32bit"/>
         <property name="katalonVersion" value="6.0.5.4"/>
         <property name="browser" value="Chrome 72.0.3626.119"/>
         <property name="hostAddress" value="192.168.0.32"/>
         <property name="sessionId" value="f87d6aa85ea493021927e71745458e6a"/>
         <property name="seleniumVersion" value="3.7.1"/>
         <property name="proxyInformation" value="ProxyInformation{proxyOption=NO_PROXY, proxyServerType=HTTP, password=, proxyServerAddress=, proxyServerPort=0}"/>
         <property name="platform" value="Windows 10"/>
      </properties>
      <testcase name="Test Cases/Base/Login" classname="Test Cases/Base/Login" status="PASSED">
         <system-out><![CDATA[2019-03-06 13:43:01 - [TEST_CASE][PASSED] - Test Cases/Base/Login: Test Cases/Base/Login

2019-03-06 13:43:02 - [TEST_STEP][PASSED] - openBrowser(""): Browser is opened with url: ''

2019-03-06 13:43:03 - [MESSAGE][INFO] - Starting 'Chrome' driver

2019-03-06 13:43:03 - [MESSAGE][INFO] - Action delay is set to 1 seconds

2019-03-06 13:43:12 - [MESSAGE][PASSED] - Browser is opened with url: ''

2019-03-06 13:43:12 - [TEST_STEP][PASSED] - navigateToUrl("http://192.168.0.171:4000/login"): Navigate to 'http://192.168.0.171:4000/login' successfully

2019-03-06 13:43:15 - [MESSAGE][PASSED] - Navigate to 'http://192.168.0.171:4000/login' successfully

2019-03-06 13:43:15 - [TEST_STEP][PASSED] - maximizeWindow(): Current window maximized

2019-03-06 13:43:17 - [MESSAGE][PASSED] - Current window maximized

2019-03-06 13:43:17 - [TEST_STEP][PASSED] - setText(findTestObject("Page_React App/input_Submit_form-control"), "asharajendran89@gmail.com"): Text 'asharajendran89@gmail.com' is set on object 'Object Repository/Page_React App/input_Submit_form-control'

2019-03-06 13:43:22 - [MESSAGE][PASSED] - Text 'asharajendran89@gmail.com' is set on object 'Object Repository/Page_React App/input_Submit_form-control'

2019-03-06 13:43:22 - [TEST_STEP][PASSED] - setEncryptedText(findTestObject("Page_React App/input_Submit_form-control_1"), "Qs8BrKvHtI8="): Text ****** has been set on object 'Object Repository/Page_React App/input_Submit_form-control_1'

2019-03-06 13:43:25 - [MESSAGE][PASSED] - Text ****** has been set on object 'Object Repository/Page_React App/input_Submit_form-control_1'

2019-03-06 13:43:25 - [TEST_STEP][PASSED] - click(findTestObject("Object Repository/Page_React App/button_Submit")): Object: 'Object Repository/Page_React App/button_Submit' is clicked on

2019-03-06 13:43:28 - [MESSAGE][PASSED] - Object: 'Object Repository/Page_React App/button_Submit' is clicked on

2019-03-06 13:43:28 - [TEST_STEP][PASSED] - verifyElementPresent(findTestObject("Page_React App/label_Profile name"), 30, STOP_ON_FAILURE): Object 'Object Repository/Page_React App/label_Profile name' is present

2019-03-06 13:43:29 - [MESSAGE][PASSED] - Object 'Object Repository/Page_React App/label_Profile name' is present]]></system-out>
         <system-err><![CDATA[]]></system-err>
      </testcase>
      <testcase name="Test Cases/Base/Logout" classname="Test Cases/Base/Logout" status="PASSED">
         <system-out><![CDATA[2019-03-06 13:43:31 - [TEST_CASE][PASSED] - Test Cases/Base/Logout: Test Cases/Base/Logout

2019-03-06 13:43:31 - [TEST_STEP][PASSED] - click(findTestObject("Object Repository/Page_React App/button_Logout")): Object: 'Object Repository/Page_React App/button_Logout' is clicked on

2019-03-06 13:43:33 - [MESSAGE][PASSED] - Object: 'Object Repository/Page_React App/button_Logout' is clicked on

2019-03-06 13:43:33 - [TEST_STEP][PASSED] - closeBrowser(): Browser is closed

2019-03-06 13:43:35 - [MESSAGE][PASSED] - Browser is closed]]></system-out>
         <system-err><![CDATA[]]></system-err>
      </testcase>
      <system-out><![CDATA[2019-03-06 13:43:01 - [TEST_SUITE][PASSED] - Login_Logout: Test Cases/Base/Logout]]></system-out>
      <system-err><![CDATA[]]></system-err>
   </testsuite>
</testsuites>
